{"target": 0.8088, "params": {"batch_size": 72.0341124514471, "learning_rate": 0.0067625959475372645, "num_epochs": 1.0004574992693795}, "datetime": {"datetime": "2024-12-11 14:11:58", "elapsed": 0.0, "delta": 0.0}}
{"target": 0.814, "params": {"batch_size": 61.02392697265662, "learning_rate": 0.0021740471265369044, "num_epochs": 1.3693543790751912}, "datetime": {"datetime": "2024-12-11 14:13:32", "elapsed": 93.552468, "delta": 93.552468}}
{"target": 0.8668, "params": {"batch_size": 49.88098029225641, "learning_rate": 0.003764485816344382, "num_epochs": 2.5870698969226797}, "datetime": {"datetime": "2024-12-11 14:18:41", "elapsed": 403.283333, "delta": 309.730865}}
{"target": 0.8678, "params": {"batch_size": 83.72640646432227, "learning_rate": 0.004353556115226359, "num_epochs": 3.740878001587038}, "datetime": {"datetime": "2024-12-11 14:24:04", "elapsed": 725.900064, "delta": 322.616731}}
{"target": 0.8414, "params": {"batch_size": 51.62741597422567, "learning_rate": 0.008024939491127564, "num_epochs": 1.1095503727917047}, "datetime": {"datetime": "2024-12-11 14:25:52", "elapsed": 834.099032, "delta": 108.198968}}
{"target": 0.8598, "params": {"batch_size": 85.66329433349918, "learning_rate": 0.0053787013642253205, "num_epochs": 3.597081770471551}, "datetime": {"datetime": "2024-12-11 14:31:17", "elapsed": 1159.109616, "delta": 325.010584}}
{"target": 0.8568, "params": {"batch_size": 46.61363931662605, "learning_rate": 0.001, "num_epochs": 5.0}, "datetime": {"datetime": "2024-12-11 14:38:13", "elapsed": 1575.233377, "delta": 416.123761}}
{"target": 0.8234, "params": {"batch_size": 45.8964230165636, "learning_rate": 0.008804888655547325, "num_epochs": 1.0544426879877666}, "datetime": {"datetime": "2024-12-11 14:39:34", "elapsed": 1655.794939, "delta": 80.561562}}
{"target": 0.8636, "params": {"batch_size": 50.015699847497096, "learning_rate": 0.001, "num_epochs": 5.0}, "datetime": {"datetime": "2024-12-11 14:45:42", "elapsed": 2023.541276, "delta": 367.746337}}
{"target": 0.8132, "params": {"batch_size": 82.0211827796023, "learning_rate": 0.009, "num_epochs": 1.0}, "datetime": {"datetime": "2024-12-11 14:46:44", "elapsed": 2085.425669, "delta": 61.884393}}
{"target": 0.8284, "params": {"batch_size": 84.43754166183754, "learning_rate": 0.009, "num_epochs": 5.0}, "datetime": {"datetime": "2024-12-11 14:51:36", "elapsed": 2377.586573, "delta": 292.160904}}
{"target": 0.8556, "params": {"batch_size": 123.72277525195476, "learning_rate": 0.006312571326736381, "num_epochs": 2.8828825597167294}, "datetime": {"datetime": "2024-12-11 15:18:24", "elapsed": 3986.267664, "delta": 1608.681091}}
{"target": 0.752, "params": {"batch_size": 78.91834139598592, "learning_rate": 0.007729429389858192, "num_epochs": 4.9162737534583085}, "datetime": {"datetime": "2024-12-11 15:23:33", "elapsed": 4294.499796, "delta": 308.232132}}
{"target": 0.8596, "params": {"batch_size": 48.444443978767204, "learning_rate": 0.001, "num_epochs": 3.816551042544711}, "datetime": {"datetime": "2024-12-11 15:35:42", "elapsed": 5024.322425, "delta": 729.822629}}
{"target": 0.834, "params": {"batch_size": 85.36279067467736, "learning_rate": 0.001, "num_epochs": 1.5131151943386685}, "datetime": {"datetime": "2024-12-11 15:37:46", "elapsed": 5148.058544, "delta": 123.736119}}
{"target": 0.8292, "params": {"batch_size": 51.84218031766148, "learning_rate": 0.009, "num_epochs": 3.9095867071652637}, "datetime": {"datetime": "2024-12-11 15:42:48", "elapsed": 5449.397943, "delta": 301.339399}}
{"target": 0.8222, "params": {"batch_size": 48.88424874920487, "learning_rate": 0.006444116071075216, "num_epochs": 1.2447402258924}, "datetime": {"datetime": "2024-12-11 15:44:05", "elapsed": 5527.338742, "delta": 77.940799}}
{"target": 0.8564, "params": {"batch_size": 49.89183846773764, "learning_rate": 0.0036902068289982317, "num_epochs": 3.8020092230140277}, "datetime": {"datetime": "2024-12-11 15:49:01", "elapsed": 5822.850996, "delta": 295.512254}}
{"target": 0.8566, "params": {"batch_size": 87.73510551538719, "learning_rate": 0.0051123654341875945, "num_epochs": 3.6391584566266304}, "datetime": {"datetime": "2024-12-11 16:02:02", "elapsed": 6603.540522, "delta": 780.689526}}
{"target": 0.842, "params": {"batch_size": 121.94946393307862, "learning_rate": 0.00895240692126914, "num_epochs": 1.6821297754228142}, "datetime": {"datetime": "2024-12-11 16:20:04", "elapsed": 7685.667498, "delta": 1082.126976}}
